<?xml version="1.0" encoding="UTF-8"?>
<!-- Generated by org.testng.reporters.JUnitReportReporter -->
<testsuite hostname="DESKTOP-OHIVRM9" failures="0" tests="5" name="tests.VenueAdminTest" time="20.780" errors="0" timestamp="2025-08-21T22:41:56 CST" skipped="0">
  <testcase classname="tests.VenueAdminTest" name="testSubmitWithoutDate" time="5.614"/>
  <testcase classname="tests.VenueAdminTest" name="testSubmitWithoutVenue" time="3.080"/>
  <testcase classname="tests.VenueAdminTest" name="testValidReservationSubmission" time="5.162"/>
  <testcase classname="tests.VenueAdminTest" name="testInvalidTimeRange" time="4.898"/>
  <testcase classname="tests.VenueAdminTest" name="testOpeningAndClosingModal" time="2.026"/>
</testsuite> <!-- tests.VenueAdminTest -->
