<?xml version="1.0" encoding="UTF-8"?>
<!-- Generated by org.testng.reporters.JUnitReportReporter -->
<testsuite hostname="DESKTOP-OHIVRM9" failures="0" tests="3" name="tests.Announcement_AdminTest" time="7.724" errors="0" timestamp="2025-08-19T22:21:03 CST" skipped="0">
  <testcase classname="tests.Announcement_AdminTest" name="testValidAnnouncementPostSubmission" time="2.581"/>
  <testcase classname="tests.Announcement_AdminTest" name="testRequiredFieldValidation" time="2.119"/>
  <testcase classname="tests.Announcement_AdminTest" name="testOpeningAndClosingModal" time="3.024"/>
</testsuite> <!-- tests.Announcement_AdminTest -->
