<?xml version="1.0" encoding="UTF-8"?>
<!-- Generated by org.testng.reporters.JUnitReportReporter -->
<testsuite hostname="DESKTOP-OHIVRM9" failures="0" tests="1" name="tests.VenueAdminTest" time="4.167" errors="0" timestamp="2025-08-20T00:10:26 CST" skipped="0">
  <testcase classname="tests.VenueAdminTest" name="testValidReservationSubmission" time="4.167"/>
</testsuite> <!-- tests.VenueAdminTest -->
