<?xml version="1.0" encoding="UTF-8"?>
<!-- Generated by org.testng.reporters.JUnitReportReporter -->
<testsuite hostname="DESKTOP-OHIVRM9" failures="0" tests="5" name="tests.LoginTest" time="12.375" errors="0" timestamp="2025-08-16T22:19:06 CST" skipped="0">
  <testcase classname="tests.LoginTest" name="testSuccessfulLogin" time="2.819"/>
  <testcase classname="tests.LoginTest" name="testEmptyEmailField" time="1.769"/>
  <testcase classname="tests.LoginTest" name="testEmptyPasswordField" time="1.845"/>
  <testcase classname="tests.LoginTest" name="testWrongEmail" time="2.950"/>
  <testcase classname="tests.LoginTest" name="testWrongPassword" time="2.992"/>
</testsuite> <!-- tests.LoginTest -->
