<?xml version="1.0" encoding="UTF-8"?>
<!-- Generated by org.testng.reporters.JUnitReportReporter -->
<testsuite hostname="DESKTOP-OHIVRM9" failures="0" tests="5" name="tests.LoginTest" time="12.563" errors="0" timestamp="2025-08-17T22:42:41 CST" skipped="0">
  <testcase classname="tests.LoginTest" name="testWrongEmail" time="3.749"/>
  <testcase classname="tests.LoginTest" name="testSuccessfulLogin" time="1.984"/>
  <testcase classname="tests.LoginTest" name="testEmptyEmailField" time="2.043"/>
  <testcase classname="tests.LoginTest" name="testEmptyPasswordField" time="1.786"/>
  <testcase classname="tests.LoginTest" name="testWrongPassword" time="3.001"/>
</testsuite> <!-- tests.LoginTest -->
