<?xml version="1.0" encoding="UTF-8"?>
<!-- Generated by org.testng.reporters.JUnitReportReporter -->
<testsuite hostname="DESKTOP-OHIVRM9" failures="0" tests="2" name="tests.Announcement_AdminTest" time="5.005" errors="0" timestamp="2025-08-19T18:50:35 CST" skipped="0">
  <testcase classname="tests.Announcement_AdminTest" name="testValidAnnouncementPostSubmission" time="3.057"/>
  <testcase classname="tests.Announcement_AdminTest" name="testOpeningAndClosingModal" time="1.948"/>
</testsuite> <!-- tests.Announcement_AdminTest -->
