<?xml version="1.0" encoding="UTF-8"?>
<!-- Generated by org.testng.reporters.JUnitReportReporter -->
<testsuite hostname="DESKTOP-OHIVRM9" failures="0" tests="1" name="tests.BalanceSheetTest" time="2.715" errors="0" timestamp="2025-08-22T22:50:25 CST" skipped="0">
  <testcase classname="tests.BalanceSheetTest" name="testOpeningAndClosingModal" time="2.715"/>
</testsuite> <!-- tests.BalanceSheetTest -->
